<?xml version="1.0" encoding="UTF-8"?>
<!-- Generated by org.testng.reporters.JUnitXMLReporter -->
<testsuite ignored="0" hostname="DESKTOP-3H5BD9I" failures="0" tests="7" name="Default test" time="70.144" errors="0" timestamp="2024-03-30T01:13:33 ICT">
  <testcase classname="auto.testsuits.ProjectFinalTest" name="fillterProjectsWithAllProjectsTag" time="4.668"/>
  <testcase classname="auto.testsuits.ProjectFinalTest" name="fillterProjectsWithCompletedTag" time="4.716"/>
  <testcase classname="auto.testsuits.ProjectFinalTest" name="fillterProjectsWithOpenTag" time="4.775"/>
  <testcase classname="auto.testsuits.ProjectFinalTest" name="fillterProjectsWithHightPriorityTag" time="4.745"/>
  <testcase classname="auto.testsuits.ProjectFinalTest" name="fillterProjectsWithUpcomingTag" time="4.71"/>
  <testcase classname="auto.testsuits.ProjectFinalTest" name="clearFilterSuccessfully" time="10.388"/>
  <testcase classname="auto.testsuits.ProjectFinalTest" name="searchFilterSuccessfully" time="6.222"/>
</testsuite> <!-- Default test -->
