<?xml version="1.0" encoding="UTF-8"?>
<testng-results ignored="0" total="1" passed="1" failed="0" skipped="0">
  <reporter-output>
  </reporter-output>
  <suite started-at="2024-03-26T17:27:25 ICT" name="Default suite" finished-at="2024-03-26T17:27:30 ICT" duration-ms="5106">
    <groups>
    </groups>
    <test started-at="2024-03-26T17:27:25 ICT" name="Default test" finished-at="2024-03-26T17:27:30 ICT" duration-ms="5106">
      <class name="auto.testsuits.RiseTest">
        <test-method is-config="true" signature="initBrowser(java.lang.String)[pri:0, instance:auto.testsuits.RiseTest@437da279]" started-at="2024-03-26T17:27:25 ICT" name="initBrowser" finished-at="2024-03-26T17:27:28 ICT" duration-ms="2802" status="PASS">
          <params>
            <param index="0">
              <value>
                <![CDATA[chrome]]>
              </value>
            </param>
          </params>
          <reporter-output>
          </reporter-output>
        </test-method> <!-- initBrowser -->
        <test-method signature="test()[pri:0, instance:auto.testsuits.RiseTest@437da279]" started-at="2024-03-26T17:27:28 ICT" name="test" finished-at="2024-03-26T17:27:30 ICT" duration-ms="2189" status="PASS">
          <reporter-output>
          </reporter-output>
        </test-method> <!-- test -->
        <test-method is-config="true" signature="closeBrowser()[pri:0, instance:auto.testsuits.RiseTest@437da279]" started-at="2024-03-26T17:27:30 ICT" name="closeBrowser" finished-at="2024-03-26T17:27:30 ICT" duration-ms="97" status="PASS">
          <reporter-output>
          </reporter-output>
        </test-method> <!-- closeBrowser -->
      </class> <!-- auto.testsuits.RiseTest -->
    </test> <!-- Default test -->
  </suite> <!-- Default suite -->
</testng-results>
