<?xml version="1.0" encoding="UTF-8"?>
<!-- Generated by org.testng.reporters.JUnitXMLReporter -->
<testsuite ignored="0" hostname="DESKTOP-3H5BD9I" failures="1" tests="1" name="Run test paralell with firefox" time="9.775" errors="0" timestamp="2024-03-26T16:41:18 ICT">
  <testcase classname="auto.testsuits.RiseTest" name="test" time="5.081">
    <failure type="java.lang.IllegalArgumentException" message="Input must be set">
      <![CDATA[java.lang.IllegalArgumentException: Input must be set
at org.openqa.selenium.internal.Require.nonNull(Require.java:60)
at org.openqa.selenium.support.ui.FluentWait.<init>(FluentWait.java:94)
at org.openqa.selenium.support.ui.WebDriverWait.<init>(WebDriverWait.java:74)
at org.openqa.selenium.support.ui.WebDriverWait.<init>(WebDriverWait.java:43)
at auto.common.CommonBase.getElementInDOM(CommonBase.java:68)
at auto.common.CommonBase.clickElement(CommonBase.java:92)
at auto.pages.RiseFunctions.LoginFunction(RiseFunctions.java:28)
at auto.testsuits.RiseTest.test(RiseTest.java:32)
at java.base/java.util.ArrayList.forEach(ArrayList.java:1511)
... Removed 27 stack frames]]>
    </failure>
  </testcase> <!-- test -->
</testsuite> <!-- Run test paralell with firefox -->
