<?xml version="1.0" encoding="UTF-8"?>
<!-- Generated by org.testng.reporters.JUnitXMLReporter -->
<testsuite ignored="0" hostname="DESKTOP-3H5BD9I" failures="0" tests="15" name="Run test paralell with chrome" time="189.302" errors="0" timestamp="2024-03-30T00:39:10 ICT">
  <testcase classname="auto.testsuits.ProjectFinalTest" name="fillterProjectsWithAllProjectsTag" time="4.651"/>
  <testcase classname="auto.testsuits.ProjectFinalTest" name="fillterProjectsWithCompletedTag" time="4.731"/>
  <testcase classname="auto.testsuits.ProjectFinalTest" name="fillterProjectsWithOpenTag" time="4.79"/>
  <testcase classname="auto.testsuits.ProjectFinalTest" name="fillterProjectsWithHightPriorityTag" time="4.713"/>
  <testcase classname="auto.testsuits.ProjectFinalTest" name="fillterProjectsWithUpcomingTag" time="4.724"/>
  <testcase classname="auto.testsuits.ProjectFinalTest" name="clearFilterSuccessfully" time="10.372"/>
  <testcase classname="auto.testsuits.ProjectFinalTest" name="searchFilterSuccessfully" time="6.248"/>
  <testcase classname="auto.testsuits.ProjectFinalTest" name="createFilterWithOnTrackLablel" time="12.428"/>
  <testcase classname="auto.testsuits.ProjectFinalTest" name="createFilterWithUrgenLablel" time="12.368"/>
  <testcase classname="auto.testsuits.ProjectFinalTest" name="createFilterWithPerfectLablel" time="12.247"/>
  <testcase classname="auto.testsuits.ProjectFinalTest" name="createFilterWithNoName" time="10.004"/>
  <testcase classname="auto.testsuits.ProjectFinalTest" name="createFilterWithHoldStatus" time="12.172"/>
  <testcase classname="auto.testsuits.ProjectFinalTest" name="createFilterWithCancelStatus" time="12.109"/>
  <testcase classname="auto.testsuits.ProjectFinalTest" name="createFilterWithCompletedStatus" time="11.987"/>
  <testcase classname="auto.testsuits.ProjectFinalTest" name="createFilterWithOpenStatus" time="11.04"/>
</testsuite> <!-- Run test paralell with chrome -->
