<?xml version="1.0" encoding="UTF-8"?>
<!-- Generated by org.testng.reporters.JUnitXMLReporter -->
<testsuite ignored="0" hostname="DESKTOP-3H5BD9I" failures="0" tests="15" name="Run test paralell with firefox" time="376.954" errors="0" timestamp="2024-03-30T00:31:04 ICT">
  <testcase classname="auto.testsuits.ProjectFinalTest" name="fillterProjectsWithAllProjectsTag" time="6.541"/>
  <testcase classname="auto.testsuits.ProjectFinalTest" name="fillterProjectsWithCompletedTag" time="6.919"/>
  <testcase classname="auto.testsuits.ProjectFinalTest" name="fillterProjectsWithOpenTag" time="6.804"/>
  <testcase classname="auto.testsuits.ProjectFinalTest" name="fillterProjectsWithHightPriorityTag" time="6.844"/>
  <testcase classname="auto.testsuits.ProjectFinalTest" name="fillterProjectsWithUpcomingTag" time="6.937"/>
  <testcase classname="auto.testsuits.ProjectFinalTest" name="clearFilterSuccessfully" time="12.691"/>
  <testcase classname="auto.testsuits.ProjectFinalTest" name="searchFilterSuccessfully" time="8.166"/>
  <testcase classname="auto.testsuits.ProjectFinalTest" name="createFilterWithOnTrackLablel" time="41.178"/>
  <testcase classname="auto.testsuits.ProjectFinalTest" name="createFilterWithUrgenLablel" time="41.57"/>
  <testcase classname="auto.testsuits.ProjectFinalTest" name="createFilterWithPerfectLablel" time="40.91"/>
  <testcase classname="auto.testsuits.ProjectFinalTest" name="createFilterWithNoName" time="37.141"/>
  <testcase classname="auto.testsuits.ProjectFinalTest" name="createFilterWithHoldStatus" time="14.895"/>
  <testcase classname="auto.testsuits.ProjectFinalTest" name="createFilterWithCancelStatus" time="14.773"/>
  <testcase classname="auto.testsuits.ProjectFinalTest" name="createFilterWithCompletedStatus" time="14.78"/>
  <testcase classname="auto.testsuits.ProjectFinalTest" name="createFilterWithOpenStatus" time="13.509"/>
</testsuite> <!-- Run test paralell with firefox -->
