<?xml version="1.0" encoding="UTF-8"?>
<!-- Generated by org.testng.reporters.JUnitXMLReporter -->
<testsuite ignored="0" hostname="DESKTOP-3H5BD9I" failures="0" tests="15" name="Run test paralell with edge" time="296.915" errors="0" timestamp="2024-03-30T00:36:01 ICT">
  <testcase classname="auto.testsuits.ProjectFinalTest" name="fillterProjectsWithAllProjectsTag" time="4.73"/>
  <testcase classname="auto.testsuits.ProjectFinalTest" name="fillterProjectsWithCompletedTag" time="4.787"/>
  <testcase classname="auto.testsuits.ProjectFinalTest" name="fillterProjectsWithOpenTag" time="4.8"/>
  <testcase classname="auto.testsuits.ProjectFinalTest" name="fillterProjectsWithHightPriorityTag" time="4.665"/>
  <testcase classname="auto.testsuits.ProjectFinalTest" name="fillterProjectsWithUpcomingTag" time="4.697"/>
  <testcase classname="auto.testsuits.ProjectFinalTest" name="clearFilterSuccessfully" time="10.435"/>
  <testcase classname="auto.testsuits.ProjectFinalTest" name="searchFilterSuccessfully" time="6.427"/>
  <testcase classname="auto.testsuits.ProjectFinalTest" name="createFilterWithOnTrackLablel" time="12.91"/>
  <testcase classname="auto.testsuits.ProjectFinalTest" name="createFilterWithUrgenLablel" time="13.123"/>
  <testcase classname="auto.testsuits.ProjectFinalTest" name="createFilterWithPerfectLablel" time="13.195"/>
  <testcase classname="auto.testsuits.ProjectFinalTest" name="createFilterWithNoName" time="10.451"/>
  <testcase classname="auto.testsuits.ProjectFinalTest" name="createFilterWithHoldStatus" time="12.174"/>
  <testcase classname="auto.testsuits.ProjectFinalTest" name="createFilterWithCancelStatus" time="12.092"/>
  <testcase classname="auto.testsuits.ProjectFinalTest" name="createFilterWithCompletedStatus" time="12.052"/>
  <testcase classname="auto.testsuits.ProjectFinalTest" name="createFilterWithOpenStatus" time="11.084"/>
</testsuite> <!-- Run test paralell with edge -->
